<?xml version="1.0" encoding="UTF-8"?>
<!-- Generated by org.testng.reporters.JUnitReportReporter -->
<testsuite hostname="omgindia244" name="com.test.GoogleTittleTest" tests="2" failures="0" timestamp="19 Sep 2019 08:53:56 GMT" time="33.127" errors="0">
  <testcase name="googleLogoText" time="17.302" classname="com.test.GoogleTittleTest"/>
  <testcase name="googleTittleTest" time="15.825" classname="com.test.GoogleTittleTest"/>
</testsuite> <!-- com.test.GoogleTittleTest -->
