<?xml version="1.0" encoding="UTF-8"?>
<!-- Generated by org.testng.reporters.JUnitReportReporter -->
<testsuite hostname="omgindia244" name="com.test.TestNgBasics" tests="5" failures="0" timestamp="19 Sep 2019 08:53:56 GMT" time="0.030" errors="0">
  <testcase name="serachElement" time="0.015" classname="com.test.TestNgBasics"/>
  <testcase name="login" time="0.004" classname="com.test.TestNgBasics"/>
  <testcase name="login" time="0.006" classname="com.test.TestNgBasics"/>
  <testcase name="googleTittleTest" time="0.003" classname="com.test.TestNgBasics"/>
  <testcase name="login" time="0.002" classname="com.test.TestNgBasics"/>
</testsuite> <!-- com.test.TestNgBasics -->
