<?xml version="1.0" encoding="UTF-8"?>
<!-- Generated by org.testng.reporters.JUnitReportReporter -->
<testsuite hostname="omgindia244" name="com.test.TestNgFeatures" tests="4" failures="0" timestamp="16 Aug 2019 05:37:41 GMT" time="0.004" errors="0">
  <testcase name="RegisPageTest" time="0.001" classname="com.test.TestNgFeatures"/>
  <testcase name="loginTest" time="0.000" classname="com.test.TestNgFeatures"/>
  <testcase name="HomePageTest" time="0.001" classname="com.test.TestNgFeatures"/>
  <testcase name="SearchPageTest" time="0.002" classname="com.test.TestNgFeatures"/>
</testsuite> <!-- com.test.TestNgFeatures -->
