<?xml version="1.0" encoding="UTF-8"?>
<!-- Generated by org.testng.reporters.JUnitReportReporter -->
<testsuite hostname="omgindia244" name="com.datadriven.test.GoogleTestWithProperties" tests="1" failures="0" timestamp="18 Sep 2019 09:18:26 GMT" time="9.151" errors="0">
  <testcase name="googleTittleTest" time="9.151" classname="com.datadriven.test.GoogleTestWithProperties"/>
</testsuite> <!-- com.datadriven.test.GoogleTestWithProperties -->
