<?xml version="1.0" encoding="UTF-8"?>
<!-- Generated by org.testng.reporters.JUnitReportReporter -->
<testsuite hostname="DESKTOP-M990OIV" name="com.test.ExceptionTimeOutTest" tests="2" failures="0" timestamp="4 Apr 2020 09:33:40 GMT" time="0.010" errors="0">
  <testcase name="test1" time="0.001" classname="com.test.ExceptionTimeOutTest"/>
  <testcase name="infintLoopTest" time="0.009" classname="com.test.ExceptionTimeOutTest"/>
</testsuite> <!-- com.test.ExceptionTimeOutTest -->
