<?xml version="1.0" encoding="UTF-8"?>
<!-- Generated by org.testng.reporters.JUnitReportReporter -->
<testsuite hostname="omgindia244" name="com.test.ExceptionTimeOutTest" tests="2" failures="0" timestamp="16 Aug 2019 05:37:41 GMT" time="0.021" errors="0">
  <testcase name="test1" time="0.001" classname="com.test.ExceptionTimeOutTest"/>
  <testcase name="infintLoopTest" time="0.020" classname="com.test.ExceptionTimeOutTest"/>
</testsuite> <!-- com.test.ExceptionTimeOutTest -->
