<?xml version="1.0" encoding="UTF-8"?>
<!-- Generated by org.testng.reporters.JUnitReportReporter -->
<testsuite hostname="omgindia244" name="com.datadriven.test.HalfEbayTest" tests="4" failures="0" timestamp="19 Sep 2019 08:53:56 GMT" time="82.795" errors="0">
  <testcase name="halfEbayRegistrationPageTest" time="32.006" classname="com.datadriven.test.HalfEbayTest"/>
  <testcase name="halfEbayRegistrationPageTest" time="17.303" classname="com.datadriven.test.HalfEbayTest"/>
  <testcase name="halfEbayRegistrationPageTest" time="16.606" classname="com.datadriven.test.HalfEbayTest"/>
  <testcase name="halfEbayRegistrationPageTest" time="16.880" classname="com.datadriven.test.HalfEbayTest"/>
</testsuite> <!-- com.datadriven.test.HalfEbayTest -->
