<?xml version="1.0" encoding="UTF-8"?>
<!-- Generated by org.testng.reporters.JUnitReportReporter -->
<testsuite hostname="omgindia244" name="com.test.TestNgBasics" tests="2" failures="0" timestamp="16 Aug 2019 05:37:41 GMT" time="0.006" errors="0">
  <testcase name="googleTittleTest" time="0.005" classname="com.test.TestNgBasics"/>
  <testcase name="serachElement" time="0.001" classname="com.test.TestNgBasics"/>
</testsuite> <!-- com.test.TestNgBasics -->
