<?xml version="1.0" encoding="UTF-8"?>
<!-- Generated by org.testng.reporters.JUnitReportReporter -->
<testsuite hostname="omgindia244" name="com.test.TestNgFeatures" tests="5" failures="0" timestamp="19 Sep 2019 08:53:56 GMT" time="29.263" errors="0">
  <testcase name="HomePageTest" time="0.001" classname="com.test.TestNgFeatures"/>
  <testcase name="SearchPageTest" time="0.000" classname="com.test.TestNgFeatures"/>
  <testcase name="loginTest" time="13.080" classname="com.test.TestNgFeatures"/>
  <testcase name="RegisPageTest" time="0.000" classname="com.test.TestNgFeatures"/>
  <testcase name="Login" time="16.182" classname="com.test.TestNgFeatures"/>
</testsuite> <!-- com.test.TestNgFeatures -->
