<?xml version="1.0" encoding="UTF-8"?>
<!-- Generated by org.testng.reporters.JUnitReportReporter -->
<testsuite hostname="omgindia244" name="com.parameters.ParameterTest" tests="1" failures="0" timestamp="16 Aug 2019 05:37:41 GMT" time="16.027" errors="0">
  <testcase name="yahooLoginTest" time="16.027" classname="com.parameters.ParameterTest"/>
</testsuite> <!-- com.parameters.ParameterTest -->
