<?xml version="1.0" encoding="UTF-8"?>
<!-- Generated by org.testng.reporters.JUnitReportReporter -->
<testsuite hostname="omgindia244" name="com.parameters.ParameterTest" tests="1" failures="0" timestamp="10 Sep 2019 05:06:10 GMT" time="31.735" errors="0">
  <testcase name="yahooLoginTest" time="31.735" classname="com.parameters.ParameterTest"/>
</testsuite> <!-- com.parameters.ParameterTest -->
