<?xml version="1.0" encoding="UTF-8"?>
<!-- Generated by org.testng.reporters.JUnitReportReporter -->
<testsuite hostname="omgindia244" name="com.test.GoogleTittleTest" tests="2" failures="0" timestamp="16 Aug 2019 05:37:41 GMT" time="22.068" errors="0">
  <testcase name="googleLogoText" time="11.015" classname="com.test.GoogleTittleTest"/>
  <testcase name="googleTittleTest" time="11.053" classname="com.test.GoogleTittleTest"/>
</testsuite> <!-- com.test.GoogleTittleTest -->
