<?xml version="1.0" encoding="UTF-8"?>
<!-- Generated by org.testng.reporters.JUnitReportReporter -->
<testsuite hostname="DESKTOP-M990OIV" name="com.test.GoogleFeatureTest" tests="1" failures="0" timestamp="2 Jun 2021 16:04:50 GMT" time="15.844" errors="0">
  <testcase name="handleCookieAlert" time="15.844" classname="com.test.GoogleFeatureTest"/>
</testsuite> <!-- com.test.GoogleFeatureTest -->
