<?xml version="1.0" encoding="UTF-8"?>
<!-- Generated by org.testng.reporters.JUnitReportReporter -->
<testsuite hostname="DESKTOP-M990OIV" name="com.test.AmazonBookBuyTest" tests="11" failures="0" timestamp="5 Jun 2021 13:06:31 GMT" time="26.612" errors="0">
  <testcase name="invalidPassword" time="1.193" classname="com.test.AmazonBookBuyTest"/>
  <testcase name="searchBook" time="2.829" classname="com.test.AmazonBookBuyTest"/>
  <testcase name="correctUserdetails" time="3.581" classname="com.test.AmazonBookBuyTest"/>
  <testcase name="BookInBestSeller" time="0.053" classname="com.test.AmazonBookBuyTest"/>
  <testcase name="invalidemail" time="4.853" classname="com.test.AmazonBookBuyTest"/>
  <testcase name="checkKindleformat" time="8.389" classname="com.test.AmazonBookBuyTest"/>
  <testcase name="emptyemail" time="1.734" classname="com.test.AmazonBookBuyTest"/>
  <testcase name="emptyCustomerName" time="0.809" classname="com.test.AmazonBookBuyTest"/>
  <testcase name="withoutPassword" time="0.692" classname="com.test.AmazonBookBuyTest"/>
  <testcase name="verifyAllElements" time="0.239" classname="com.test.AmazonBookBuyTest"/>
  <testcase name="checkBookInfo" time="2.240" classname="com.test.AmazonBookBuyTest"/>
</testsuite> <!-- com.test.AmazonBookBuyTest -->
